<?xml version="1.0" encoding="UTF-8"?>
<!-- Generated by org.testng.reporters.JUnitReportReporter -->
<testsuite name="com.javabykiran.JBKSCREENSHOT" tests="1" time="6.195" ignored="0" failures="0" timestamp="06 Jan 2022 08:45:40 GMT" skipped="0" hostname="AJAYBKADAM" errors="1">
  <testcase name="Taskfirst" time="6.195" classname="com.javabykiran.JBKSCREENSHOT">
    <error type="org.openqa.selenium.SessionNotCreatedException" message="session not created: This version of ChromeDriver only supports Chrome version 92
Current browser version is 96.0.4664.110 with binary path C:\Program Files\Google\Chrome\Application\chrome.exe
Build info: version: &#039;3.9.0&#039;, revision: &#039;698b3178f0&#039;, time: &#039;2018-02-05T14:56:13.134Z&#039;
System info: host: &#039;AJAYBKADAM&#039;, ip: &#039;192.168.43.180&#039;, os.name: &#039;Windows 10&#039;, os.arch: &#039;amd64&#039;, os.version: &#039;10.0&#039;, java.version: &#039;1.8.0_144&#039;
Driver info: driver.version: ChromeDriver
remote stacktrace: Backtrace:
	Ordinal0 [0x00982A33+2501171]
	Ordinal0 [0x0091D1C1+2085313]
	Ordinal0 [0x00821FA8+1056680]
	Ordinal0 [0x0084020A+1180170]
	Ordinal0 [0x0083C125+1163557]
	Ordinal0 [0x0083997F+1153407]
	Ordinal0 [0x0086999F+1350047]
	Ordinal0 [0x0086960A+1349130]
	Ordinal0 [0x0086551B+1332507]
	Ordinal0 [0x00841D74+1187188]
	Ordinal0 [0x00842BD9+1190873]
	GetHandleVerifier [0x00AFEFE6+1504438]
	GetHandleVerifier [0x00BADDA5+2220661]
	GetHandleVerifier [0x00A05589+481881]
	GetHandleVerifier [0x00A04639+477961]
	Ordinal0 [0x009228BD+2107581]
	Ordinal0 [0x00926728+2123560]
	Ordinal0 [0x00926862+2123874]
	Ordinal0 [0x0092FA81+2161281]
	BaseThreadInitThunk [0x7529FA29+25]
	RtlGetAppContainerNamedObjectPath [0x77427A9E+286]
	RtlGetAppContainerNamedObjectPath [0x77427A6E+238]
">
      <![CDATA[org.openqa.selenium.SessionNotCreatedException: session not created: This version of ChromeDriver only supports Chrome version 92
Current browser version is 96.0.4664.110 with binary path C:\Program Files\Google\Chrome\Application\chrome.exe
Build info: version: '3.9.0', revision: '698b3178f0', time: '2018-02-05T14:56:13.134Z'
System info: host: 'AJAYBKADAM', ip: '192.168.43.180', os.name: 'Windows 10', os.arch: 'amd64', os.version: '10.0', java.version: '1.8.0_144'
Driver info: driver.version: ChromeDriver
remote stacktrace: Backtrace:
	Ordinal0 [0x00982A33+2501171]
	Ordinal0 [0x0091D1C1+2085313]
	Ordinal0 [0x00821FA8+1056680]
	Ordinal0 [0x0084020A+1180170]
	Ordinal0 [0x0083C125+1163557]
	Ordinal0 [0x0083997F+1153407]
	Ordinal0 [0x0086999F+1350047]
	Ordinal0 [0x0086960A+1349130]
	Ordinal0 [0x0086551B+1332507]
	Ordinal0 [0x00841D74+1187188]
	Ordinal0 [0x00842BD9+1190873]
	GetHandleVerifier [0x00AFEFE6+1504438]
	GetHandleVerifier [0x00BADDA5+2220661]
	GetHandleVerifier [0x00A05589+481881]
	GetHandleVerifier [0x00A04639+477961]
	Ordinal0 [0x009228BD+2107581]
	Ordinal0 [0x00926728+2123560]
	Ordinal0 [0x00926862+2123874]
	Ordinal0 [0x0092FA81+2161281]
	BaseThreadInitThunk [0x7529FA29+25]
	RtlGetAppContainerNamedObjectPath [0x77427A9E+286]
	RtlGetAppContainerNamedObjectPath [0x77427A6E+238]

	at sun.reflect.NativeConstructorAccessorImpl.newInstance0(Native Method)
	at sun.reflect.NativeConstructorAccessorImpl.newInstance(Unknown Source)
	at sun.reflect.DelegatingConstructorAccessorImpl.newInstance(Unknown Source)
	at java.lang.reflect.Constructor.newInstance(Unknown Source)
	at org.openqa.selenium.remote.W3CHandshakeResponse.lambda$new$0(W3CHandshakeResponse.java:57)
	at org.openqa.selenium.remote.W3CHandshakeResponse.lambda$getResponseFunction$2(W3CHandshakeResponse.java:104)
	at org.openqa.selenium.remote.ProtocolHandshake.lambda$createSession$0(ProtocolHandshake.java:123)
	at java.util.stream.ReferencePipeline$3$1.accept(Unknown Source)
	at java.util.Spliterators$ArraySpliterator.tryAdvance(Unknown Source)
	at java.util.stream.ReferencePipeline.forEachWithCancel(Unknown Source)
	at java.util.stream.AbstractPipeline.copyIntoWithCancel(Unknown Source)
	at java.util.stream.AbstractPipeline.copyInto(Unknown Source)
	at java.util.stream.AbstractPipeline.wrapAndCopyInto(Unknown Source)
	at java.util.stream.FindOps$FindOp.evaluateSequential(Unknown Source)
	at java.util.stream.AbstractPipeline.evaluate(Unknown Source)
	at java.util.stream.ReferencePipeline.findFirst(Unknown Source)
	at org.openqa.selenium.remote.ProtocolHandshake.createSession(ProtocolHandshake.java:126)
	at org.openqa.selenium.remote.ProtocolHandshake.createSession(ProtocolHandshake.java:73)
	at org.openqa.selenium.remote.HttpCommandExecutor.execute(HttpCommandExecutor.java:138)
	at org.openqa.selenium.remote.service.DriverCommandExecutor.execute(DriverCommandExecutor.java:83)
	at org.openqa.selenium.remote.RemoteWebDriver.execute(RemoteWebDriver.java:601)
	at org.openqa.selenium.remote.RemoteWebDriver.startSession(RemoteWebDriver.java:219)
	at org.openqa.selenium.remote.RemoteWebDriver.<init>(RemoteWebDriver.java:142)
	at org.openqa.selenium.chrome.ChromeDriver.<init>(ChromeDriver.java:181)
	at org.openqa.selenium.chrome.ChromeDriver.<init>(ChromeDriver.java:168)
	at org.openqa.selenium.chrome.ChromeDriver.<init>(ChromeDriver.java:123)
	at com.javabykiran.JBKSCREENSHOT.Taskfirst(JBKSCREENSHOT.java:17)
	at sun.reflect.NativeMethodAccessorImpl.invoke0(Native Method)
	at sun.reflect.NativeMethodAccessorImpl.invoke(Unknown Source)
	at sun.reflect.DelegatingMethodAccessorImpl.invoke(Unknown Source)
	at java.lang.reflect.Method.invoke(Unknown Source)
	at org.testng.internal.MethodInvocationHelper.invokeMethod(MethodInvocationHelper.java:104)
	at org.testng.internal.Invoker.invokeMethod(Invoker.java:645)
	at org.testng.internal.Invoker.invokeTestMethod(Invoker.java:851)
	at org.testng.internal.Invoker.invokeTestMethods(Invoker.java:1177)
	at org.testng.internal.TestMethodWorker.invokeTestMethods(TestMethodWorker.java:129)
	at org.testng.internal.TestMethodWorker.run(TestMethodWorker.java:112)
	at org.testng.TestRunner.privateRun(TestRunner.java:756)
	at org.testng.TestRunner.run(TestRunner.java:610)
	at org.testng.SuiteRunner.runTest(SuiteRunner.java:387)
	at org.testng.SuiteRunner.runSequentially(SuiteRunner.java:382)
	at org.testng.SuiteRunner.privateRun(SuiteRunner.java:340)
	at org.testng.SuiteRunner.run(SuiteRunner.java:289)
	at org.testng.SuiteRunnerWorker.runSuite(SuiteRunnerWorker.java:52)
	at org.testng.SuiteRunnerWorker.run(SuiteRunnerWorker.java:86)
	at org.testng.TestNG.runSuitesSequentially(TestNG.java:1293)
	at org.testng.TestNG.runSuitesLocally(TestNG.java:1218)
	at org.testng.TestNG.runSuites(TestNG.java:1133)
	at org.testng.TestNG.run(TestNG.java:1104)
	at org.testng.remote.AbstractRemoteTestNG.run(AbstractRemoteTestNG.java:132)
	at org.testng.remote.RemoteTestNG.initAndRun(RemoteTestNG.java:236)
	at org.testng.remote.RemoteTestNG.main(RemoteTestNG.java:81)
]]>
    </error>
  </testcase> <!-- Taskfirst -->
</testsuite> <!-- com.javabykiran.JBKSCREENSHOT -->
